<?xml version="1.0" encoding="UTF-8"?>
<testng-results ignored="0" total="1" passed="1" failed="0" skipped="0">
  <reporter-output>
  </reporter-output>
  <suite started-at="2023-09-15T14:01:29 IST" name="Default suite" finished-at="2023-09-15T14:02:01 IST" duration-ms="31837">
    <groups>
    </groups>
    <test started-at="2023-09-15T14:01:29 IST" name="Default test" finished-at="2023-09-15T14:02:01 IST" duration-ms="31837">
      <class name="com.Equarz.Testcases.Signuptest">
        <test-method is-config="true" signature="initialize()[pri:0, instance:com.Equarz.Testcases.Signuptest@55182842]" started-at="2023-09-15T14:01:30 IST" name="initialize" finished-at="2023-09-15T14:01:42 IST" duration-ms="12002" status="PASS">
          <reporter-output>
          </reporter-output>
        </test-method> <!-- initialize -->
        <test-method signature="verifyurl(java.lang.String,java.lang.String,java.lang.String,java.lang.String,java.lang.String,java.lang.String)[pri:0, instance:com.Equarz.Testcases.Signuptest@55182842]" started-at="2023-09-15T14:01:42 IST" name="verifyurl" data-provider="setdata" finished-at="2023-09-15T14:02:01 IST" duration-ms="18606" status="PASS">
          <params>
            <param index="0">
              <value>
                <![CDATA[radha]]>
              </value>
            </param>
            <param index="1">
              <value>
                <![CDATA[ponna]]>
              </value>
            </param>
            <param index="2">
              <value>
                <![CDATA[radhaponna@gmail.com]]>
              </value>
            </param>
            <param index="3">
              <value>
                <![CDATA[6302504220]]>
              </value>
            </param>
            <param index="4">
              <value>
                <![CDATA[rad@748]]>
              </value>
            </param>
            <param index="5">
              <value>
                <![CDATA[rad@748]]>
              </value>
            </param>
          </params>
          <reporter-output>
          </reporter-output>
        </test-method> <!-- verifyurl -->
        <test-method is-config="true" signature="teardown()[pri:0, instance:com.Equarz.Testcases.Signuptest@55182842]" started-at="2023-09-15T14:02:01 IST" name="teardown" finished-at="2023-09-15T14:02:01 IST" duration-ms="2" status="PASS">
          <reporter-output>
          </reporter-output>
        </test-method> <!-- teardown -->
      </class> <!-- com.Equarz.Testcases.Signuptest -->
    </test> <!-- Default test -->
  </suite> <!-- Default suite -->
</testng-results>
